<?xml version="1.0" encoding="UTF-8"?>
<testsuites name="saf_masoko_test_suite" time="2" tests="4" failures="0" errors="0">
   <testsuite name="saf_masoko_test_suite" tests="4" failures="0" errors="0" time="2" timestamp="2018-08-04 12:32:31" hostname="USER - DESKTOP-A3PF5TC" id="Test Suites/saf_masoko_test_suite">
      <properties>
         <property name="deviceName" value=""/>
         <property name="devicePlatform" value=""/>
         <property name="logFolder" value="C:\\Users\\USER\\git\\codefest-Saf-2018\\Reports\\saf_masoko_test_suite\\20180804_123228"/>
         <property name="logFiles" value="C:\\Users\\USER\\git\\codefest-Saf-2018\\Reports\\saf_masoko_test_suite\\20180804_123228\\execution0.log"/>
         <property name="attachments" value=""/>
         <property name="hostName" value="USER - DESKTOP-A3PF5TC"/>
         <property name="hostAddress" value="172.16.40.43"/>
         <property name="os" value="Windows 10 64bit"/>
         <property name="katalonVersion" value="5.5.0.1"/>
      </properties>
      <testcase name="Test Cases/add_to_cart" classname="Test Cases/add_to_cart" status="PASSED">
         <system-out><![CDATA[2018-08-04 12:32:31 - [TEST_CASE][PASSED] - Test Cases/add_to_cart: Test Cases/add_to_cart

2018-08-04 12:32:32 - [TEST_STEP][PASSED] - Statement - return null: null]]></system-out>
         <system-err><![CDATA[]]></system-err>
      </testcase>
      <testcase name="Test Cases/product_search" classname="Test Cases/product_search" status="PASSED">
         <system-out><![CDATA[2018-08-04 12:32:32 - [TEST_CASE][PASSED] - Test Cases/product_search: Test Cases/product_search

2018-08-04 12:32:32 - [TEST_STEP][PASSED] - Statement - return null: null]]></system-out>
         <system-err><![CDATA[]]></system-err>
      </testcase>
      <testcase name="Test Cases/user_registration" classname="Test Cases/user_registration" status="PASSED">
         <system-out><![CDATA[2018-08-04 12:32:32 - [TEST_CASE][PASSED] - Test Cases/user_registration: Test Cases/user_registration

2018-08-04 12:32:33 - [TEST_STEP][PASSED] - Statement - return null: null]]></system-out>
         <system-err><![CDATA[]]></system-err>
      </testcase>
      <testcase name="Test Cases/user_sig_in" classname="Test Cases/user_sig_in" status="PASSED">
         <system-out><![CDATA[2018-08-04 12:32:33 - [TEST_CASE][PASSED] - Test Cases/user_sig_in: Test Cases/user_sig_in

2018-08-04 12:32:33 - [TEST_STEP][PASSED] - Statement - return null: null]]></system-out>
         <system-err><![CDATA[]]></system-err>
      </testcase>
      <system-out><![CDATA[2018-08-04 12:32:31 - [TEST_SUITE][PASSED] - saf_masoko_test_suite: Test Cases/user_sig_in]]></system-out>
      <system-err><![CDATA[]]></system-err>
   </testsuite>
</testsuites>
